<?xml version="1.0" encoding="UTF-8"?>
<testng-results ignored="0" total="1" passed="1" failed="0" skipped="0">
  <reporter-output>
  </reporter-output>
  <suite started-at="2021-03-25T07:38:10 IST" name="Default suite" finished-at="2021-03-25T07:38:23 IST" duration-ms="13820">
    <groups>
    </groups>
    <test started-at="2021-03-25T07:38:10 IST" name="Default test" finished-at="2021-03-25T07:38:23 IST" duration-ms="13820">
      <class name="Test_Runner.Make_Appointment_Test">
        <test-method is-config="true" signature="open_Browser()[pri:0, instance:Test_Runner.Make_Appointment_Test@6babf3bf]" started-at="2021-03-25T07:38:10 IST" name="open_Browser" finished-at="2021-03-25T07:38:18 IST" duration-ms="7919" status="PASS">
          <reporter-output>
          </reporter-output>
        </test-method> <!-- open_Browser -->
        <test-method signature="run_Make_Appointment_Test()[pri:0, instance:Test_Runner.Make_Appointment_Test@6babf3bf]" started-at="2021-03-25T07:38:18 IST" name="run_Make_Appointment_Test" finished-at="2021-03-25T07:38:23 IST" duration-ms="5826" status="PASS">
          <reporter-output>
          </reporter-output>
        </test-method> <!-- run_Make_Appointment_Test -->
        <test-method is-config="true" signature="get_page_title()[pri:0, instance:Test_Runner.Make_Appointment_Test@6babf3bf]" started-at="2021-03-25T07:38:23 IST" name="get_page_title" finished-at="2021-03-25T07:38:23 IST" duration-ms="22" status="PASS">
          <reporter-output>
          </reporter-output>
        </test-method> <!-- get_page_title -->
      </class> <!-- Test_Runner.Make_Appointment_Test -->
    </test> <!-- Default test -->
  </suite> <!-- Default suite -->
</testng-results>
